Running in Lattice mode
error reading package index file C:/Program Files (x86)/Diamond/diamond/3.10_x64/synpbase/lib/pkgIndex.tcl: couldn't read file "{C:/Program Files (x86)/Diamond/diamond/3.10_x64/synpbase/lib/pkgIndex.tcl}": no such file or directory
error reading package index file C:/Program Files (x86)/Diamond/diamond/3.10_x64/synpbase/lib/bwidget-1.9.5/pkgIndex.tcl: couldn't read file "{C:/Program Files (x86)/Diamond/diamond/3.10_x64/synpbase/lib/bwidget-1.9.5/pkgIndex.tcl}": no such file or directory
error reading package index file C:/Program Files (x86)/Diamond/diamond/3.10_x64/synpbase/lib/tcllib-1.12/pkgIndex.tcl: couldn't read file "{C:/Program Files (x86)/Diamond/diamond/3.10_x64/synpbase/lib/tcllib-1.12/pkgIndex.tcl}": no such file or directory
error reading package index file C:/Program Files (x86)/Diamond/diamond/3.10_x64/synpbase/lib/pkgIndex.tcl: couldn't read file "{C:/Program Files (x86)/Diamond/diamond/3.10_x64/synpbase/lib/pkgIndex.tcl}": no such file or directory
error reading package index file C:/Program Files (x86)/Diamond/diamond/3.10_x64/synpbase/lib/pkgIndex.tcl: couldn't read file "{C:/Program Files (x86)/Diamond/diamond/3.10_x64/synpbase/lib/pkgIndex.tcl}": no such file or directory
error reading package index file C:/Program Files (x86)/Diamond/diamond/3.10_x64/synpbase/lib/bwidget-1.9.5/pkgIndex.tcl: couldn't read file "{C:/Program Files (x86)/Diamond/diamond/3.10_x64/synpbase/lib/bwidget-1.9.5/pkgIndex.tcl}": no such file or directory
error reading package index file C:/Program Files (x86)/Diamond/diamond/3.10_x64/synpbase/lib/tcllib-1.12/pkgIndex.tcl: couldn't read file "{C:/Program Files (x86)/Diamond/diamond/3.10_x64/synpbase/lib/tcllib-1.12/pkgIndex.tcl}": no such file or directory
error reading package index file C:/Program Files (x86)/Diamond/diamond/3.10_x64/synpbase/lib/pkgIndex.tcl: couldn't read file "{C:/Program Files (x86)/Diamond/diamond/3.10_x64/synpbase/lib/pkgIndex.tcl}": no such file or directory

Starting:    C:\Program Files (x86)\Diamond\diamond\3.10_x64\synpbase\bin64\mbin\synbatch.exe
Install:     C:\Program Files (x86)\Diamond\diamond\3.10_x64\synpbase
Hostname:    LAPTOP-RM39ALH2
Date:        Mon Jan 29 16:30:18 2018
Version:     M-2017.03L-SP1-1

Arguments:   -product synplify_pro -batch Traffic_light_impl1_synplify.tcl
ProductType: synplify_pro




log file: "D:\semister 2\Digital system deesign\Lab\Traffic light roject work\29-1-2018\impl1\Traffic_light_impl1.srr"
Running: impl1 in foreground

Running proj_1|impl1

Running: compile (Compile) on proj_1|impl1
# Mon Jan 29 16:30:18 2018

Running: compile_flow (Compile Process) on proj_1|impl1
# Mon Jan 29 16:30:18 2018

Running: compiler (Compile Input) on proj_1|impl1
# Mon Jan 29 16:30:18 2018
Copied D:\semister 2\Digital system deesign\Lab\Traffic light roject work\29-1-2018\impl1\synwork\Traffic_light_impl1_comp.srs to D:\semister 2\Digital system deesign\Lab\Traffic light roject work\29-1-2018\impl1\Traffic_light_impl1.srs

compiler completed
# Mon Jan 29 16:30:20 2018

Return Code: 0
Run Time:00h:00m:02s

Running: multi_srs_gen (Multi-srs Generator) on proj_1|impl1
# Mon Jan 29 16:30:20 2018

multi_srs_gen completed
# Mon Jan 29 16:30:20 2018

Return Code: 0
Run Time:00h:00m:00s
Copied D:\semister 2\Digital system deesign\Lab\Traffic light roject work\29-1-2018\impl1\synwork\Traffic_light_impl1_mult.srs to D:\semister 2\Digital system deesign\Lab\Traffic light roject work\29-1-2018\impl1\Traffic_light_impl1.srs
Copied D:\semister 2\Digital system deesign\Lab\Traffic light roject work\29-1-2018\impl1\Traffic_light_impl1.srr to D:\semister 2\Digital system deesign\Lab\Traffic light roject work\29-1-2018\impl1\Traffic_light_impl1.srf
Complete: Compile Process on proj_1|impl1

Running: premap (Pre-mapping) on proj_1|impl1
# Mon Jan 29 16:30:20 2018

premap completed with warnings
# Mon Jan 29 16:30:21 2018

Return Code: 1
Run Time:00h:00m:01s
Complete: Compile on proj_1|impl1

Running: map (Map) on proj_1|impl1
# Mon Jan 29 16:30:21 2018
License granted for 4 parallel jobs

Running: fpga_mapper (Map & Optimize) on proj_1|impl1
# Mon Jan 29 16:30:21 2018
Copied D:\semister 2\Digital system deesign\Lab\Traffic light roject work\29-1-2018\impl1\synwork\Traffic_light_impl1_m.srm to D:\semister 2\Digital system deesign\Lab\Traffic light roject work\29-1-2018\impl1\Traffic_light_impl1.srm

fpga_mapper completed with warnings
# Mon Jan 29 16:30:23 2018

Return Code: 1
Run Time:00h:00m:02s
Complete: Map on proj_1|impl1
Copied D:\semister 2\Digital system deesign\Lab\Traffic light roject work\29-1-2018\impl1\Traffic_light_impl1.srr to D:\semister 2\Digital system deesign\Lab\Traffic light roject work\29-1-2018\impl1\Traffic_light_impl1.srf
Complete: Logic Synthesis on proj_1|impl1
TCL script complete: "Traffic_light_impl1_synplify.tcl"
exit status=0
exit status=0
Save changes for project:
D:\semister 2\Digital system deesign\Lab\Traffic light roject work\29-1-2018\impl1\proj_1.prj
batch mode default:no
